# JRE version: Java(TM) SE Runtime Environment (8.0_121-b13) (build 1.8.0_121-b13)
# Java VM: Java HotSpot(TM) 64-Bit Server VM (25.121-b13 mixed mode windows-amd64 compressed oops)
Heap:
 PSYoungGen      total 74752K, used 12620K [0x00000000d5d80000, 0x00000000daf80000, 0x0000000100000000)
  eden space 66048K, 5% used [0x00000000d5d80000,0x00000000d615aa80,0x00000000d9e00000)
  from space 8704K, 99% used [0x00000000d9e00000,0x00000000da678788,0x00000000da680000)
  to   space 8192K, 0% used [0x00000000da680000,0x00000000da680000,0x00000000dae80000)
 ParOldGen       total 87552K, used 16976K [0x0000000081800000, 0x0000000086d80000, 0x00000000d5d80000)
  object space 87552K, 19% used [0x0000000081800000,0x0000000082894288,0x0000000086d80000)
 Metaspace       used 19622K, capacity 19948K, committed 20224K, reserved 1067008K
  class space    used 2321K, capacity 2448K, committed 2560K, reserved 1048576K
GC Heap History (10 events):
Event: 2.661 GC heap before
{Heap before GC invocations=3 (full 0):
 PSYoungGen      total 38400K, used 38397K [0x00000000d5d80000, 0x00000000da880000, 0x0000000100000000)
  eden space 33280K, 100% used [0x00000000d5d80000,0x00000000d7e00000,0x00000000d7e00000)
  from space 5120K, 99% used [0x00000000d8300000,0x00000000d87ff6f8,0x00000000d8800000)
  to   space 5120K, 0% used [0x00000000d7e00000,0x00000000d7e00000,0x00000000d8300000)
 ParOldGen       total 87552K, used 2621K [0x0000000081800000, 0x0000000086d80000, 0x00000000d5d80000)
  object space 87552K, 2% used [0x0000000081800000,0x0000000081a8f710,0x0000000086d80000)
 Metaspace       used 12704K, capacity 12978K, committed 13184K, reserved 1060864K
  class space    used 1537K, capacity 1615K, committed 1664K, reserved 1048576K
Event: 2.672 GC heap after
Heap after GC invocations=3 (full 0):
 PSYoungGen      total 38400K, used 5104K [0x00000000d5d80000, 0x00000000d8800000, 0x0000000100000000)
  eden space 33280K, 0% used [0x00000000d5d80000,0x00000000d5d80000,0x00000000d7e00000)
  from space 5120K, 99% used [0x00000000d7e00000,0x00000000d82fc030,0x00000000d8300000)
  to   space 5120K, 0% used [0x00000000d8300000,0x00000000d8300000,0x00000000d8800000)
 ParOldGen       total 87552K, used 3337K [0x0000000081800000, 0x0000000086d80000, 0x00000000d5d80000)
  object space 87552K, 3% used [0x0000000081800000,0x0000000081b42740,0x0000000086d80000)
 Metaspace       used 12704K, capacity 12978K, committed 13184K, reserved 1060864K
  class space    used 1537K, capacity 1615K, committed 1664K, reserved 1048576K
}
Event: 3.526 GC heap before
{Heap before GC invocations=4 (full 0):
 PSYoungGen      total 38400K, used 38384K [0x00000000d5d80000, 0x00000000d8800000, 0x0000000100000000)
  eden space 33280K, 100% used [0x00000000d5d80000,0x00000000d7e00000,0x00000000d7e00000)
  from space 5120K, 99% used [0x00000000d7e00000,0x00000000d82fc030,0x00000000d8300000)
  to   space 5120K, 0% used [0x00000000d8300000,0x00000000d8300000,0x00000000d8800000)
 ParOldGen       total 87552K, used 3337K [0x0000000081800000, 0x0000000086d80000, 0x00000000d5d80000)
  object space 87552K, 3% used [0x0000000081800000,0x0000000081b42740,0x0000000086d80000)
 Metaspace       used 12987K, capacity 13298K, committed 13440K, reserved 1060864K
  class space    used 1540K, capacity 1615K, committed 1664K, reserved 1048576K
Event: 3.564 GC heap after
Heap after GC invocations=4 (full 0):
 PSYoungGen      total 38400K, used 5104K [0x00000000d5d80000, 0x00000000da880000, 0x0000000100000000)
  eden space 33280K, 0% used [0x00000000d5d80000,0x00000000d5d80000,0x00000000d7e00000)
  from space 5120K, 99% used [0x00000000d8300000,0x00000000d87fc010,0x00000000d8800000)
  to   space 5120K, 0% used [0x00000000d7e00000,0x00000000d7e00000,0x00000000d8300000)
 ParOldGen       total 87552K, used 4809K [0x0000000081800000, 0x0000000086d80000, 0x00000000d5d80000)
  object space 87552K, 5% used [0x0000000081800000,0x0000000081cb2770,0x0000000086d80000)
 Metaspace       used 12987K, capacity 13298K, committed 13440K, reserved 1060864K
  class space    used 1540K, capacity 1615K, committed 1664K, reserved 1048576K
}
Event: 4.575 GC heap before
{Heap before GC invocations=5 (full 0):
 PSYoungGen      total 38400K, used 38384K [0x00000000d5d80000, 0x00000000da880000, 0x0000000100000000)
  eden space 33280K, 100% used [0x00000000d5d80000,0x00000000d7e00000,0x00000000d7e00000)
  from space 5120K, 99% used [0x00000000d8300000,0x00000000d87fc010,0x00000000d8800000)
  to   space 5120K, 0% used [0x00000000d7e00000,0x00000000d7e00000,0x00000000d8300000)
 ParOldGen       total 87552K, used 4809K [0x0000000081800000, 0x0000000086d80000, 0x00000000d5d80000)
  object space 87552K, 5% used [0x0000000081800000,0x0000000081cb2770,0x0000000086d80000)
 Metaspace       used 13508K, capacity 13802K, committed 13952K, reserved 1060864K
  class space    used 1592K, capacity 1655K, committed 1664K, reserved 1048576K
Event: 4.591 GC heap after
Heap after GC invocations=5 (full 0):
 PSYoungGen      total 38400K, used 5104K [0x00000000d5d80000, 0x00000000dae80000, 0x0000000100000000)
  eden space 33280K, 0% used [0x00000000d5d80000,0x00000000d5d80000,0x00000000d7e00000)
  from space 5120K, 99% used [0x00000000d7e00000,0x00000000d82fc030,0x00000000d8300000)
  to   space 8192K, 0% used [0x00000000da680000,0x00000000da680000,0x00000000dae80000)
 ParOldGen       total 87552K, used 6888K [0x0000000081800000, 0x0000000086d80000, 0x00000000d5d80000)
  object space 87552K, 7% used [0x0000000081800000,0x0000000081eba030,0x0000000086d80000)
 Metaspace       used 13508K, capacity 13802K, committed 13952K, reserved 1060864K
  class space    used 1592K, capacity 1655K, committed 1664K, reserved 1048576K
}
Event: 6.309 GC heap before
{Heap before GC invocations=6 (full 0):
 PSYoungGen      total 38400K, used 38384K [0x00000000d5d80000, 0x00000000dae80000, 0x0000000100000000)
  eden space 33280K, 100% used [0x00000000d5d80000,0x00000000d7e00000,0x00000000d7e00000)
  from space 5120K, 99% used [0x00000000d7e00000,0x00000000d82fc030,0x00000000d8300000)
  to   space 8192K, 0% used [0x00000000da680000,0x00000000da680000,0x00000000dae80000)
 ParOldGen       total 87552K, used 6888K [0x0000000081800000, 0x0000000086d80000, 0x00000000d5d80000)
  object space 87552K, 7% used [0x0000000081800000,0x0000000081eba030,0x0000000086d80000)
 Metaspace       used 14477K, capacity 14808K, committed 14976K, reserved 1062912K
  class space    used 1683K, capacity 1800K, committed 1920K, reserved 1048576K
Event: 6.340 GC heap after
Heap after GC invocations=6 (full 0):
 PSYoungGen      total 74240K, used 7150K [0x00000000d5d80000, 0x00000000daf80000, 0x0000000100000000)
  eden space 66048K, 0% used [0x00000000d5d80000,0x00000000d5d80000,0x00000000d9e00000)
  from space 8192K, 87% used [0x00000000da680000,0x00000000dad7bb58,0x00000000dae80000)
  to   space 8704K, 0% used [0x00000000d9e00000,0x00000000d9e00000,0x00000000da680000)
 ParOldGen       total 87552K, used 6896K [0x0000000081800000, 0x0000000086d80000, 0x00000000d5d80000)
  object space 87552K, 7% used [0x0000000081800000,0x0000000081ebc030,0x0000000086d80000)
 Metaspace       used 14477K, capacity 14808K, committed 14976K, reserved 1062912K
  class space    used 1683K, capacity 1800K, committed 1920K, reserved 1048576K
}
Event: 9.436 GC heap before
{Heap before GC invocations=7 (full 0):
 PSYoungGen      total 74240K, used 73198K [0x00000000d5d80000, 0x00000000daf80000, 0x0000000100000000)
  eden space 66048K, 100% used [0x00000000d5d80000,0x00000000d9e00000,0x00000000d9e00000)
  from space 8192K, 87% used [0x00000000da680000,0x00000000dad7bb58,0x00000000dae80000)
  to   space 8704K, 0% used [0x00000000d9e00000,0x00000000d9e00000,0x00000000da680000)
 ParOldGen       total 87552K, used 6896K [0x0000000081800000, 0x0000000086d80000, 0x00000000d5d80000)
  object space 87552K, 7% used [0x0000000081800000,0x0000000081ebc030,0x0000000086d80000)
 Metaspace       used 19596K, capacity 19948K, committed 20224K, reserved 1067008K
  class space    used 2318K, capacity 2448K, committed 2560K, reserved 1048576K
Event: 9.486 GC heap after
Heap after GC invocations=7 (full 0):
 PSYoungGen      total 74752K, used 8673K [0x00000000d5d80000, 0x00000000daf80000, 0x0000000100000000)
  eden space 66048K, 0% used [0x00000000d5d80000,0x00000000d5d80000,0x00000000d9e00000)
  from space 8704K, 99% used [0x00000000d9e00000,0x00000000da678788,0x00000000da680000)
  to   space 8192K, 0% used [0x00000000da680000,0x00000000da680000,0x00000000dae80000)
 ParOldGen       total 87552K, used 16976K [0x0000000081800000, 0x0000000086d80000, 0x00000000d5d80000)
  object space 87552K, 19% used [0x0000000081800000,0x0000000082894288,0x0000000086d80000)
 Metaspace       used 19596K, capacity 19948K, committed 20224K, reserved 1067008K
  class space    used 2318K, capacity 2448K, committed 2560K, reserved 1048576K
}

